<?xml version="1.0" encoding="UTF-8"?>
<!-- Generated by org.testng.reporters.JUnitReportReporter -->
<testsuite hostname="MacBook-Pro-de-Demis.local" name="br.com.gmail.test.login.TestFluxoLogin" tests="5" failures="0" timestamp="16 Jul 2016 00:58:52 GMT" time="0.008" errors="0">
  <testcase name="loginSemUsuario" time="0.001" classname="br.com.gmail.test.login.TestFluxoLogin"/>
  <testcase name="loginSemSenha" time="0.002" classname="br.com.gmail.test.login.TestFluxoLogin"/>
  <testcase name="loginEmBranco" time="0.002" classname="br.com.gmail.test.login.TestFluxoLogin"/>
  <testcase name="loginInvalido" time="0.002" classname="br.com.gmail.test.login.TestFluxoLogin"/>
  <testcase name="loginValido" time="0.001" classname="br.com.gmail.test.login.TestFluxoLogin"/>
</testsuite> <!-- br.com.gmail.test.login.TestFluxoLogin -->
