<?xml version="1.0" encoding="UTF-8"?>
<!-- Generated by org.testng.reporters.JUnitReportReporter -->
<testsuite hostname="MacBook-Pro-de-Demis.local" name="br.com.gmail.test.cadastro.TestFluxoDeCadastro" tests="5" failures="0" timestamp="16 Jul 2016 00:07:49 GMT" time="0.037" errors="0">
  <testcase name="loginEmBranco" time="0.026" classname="br.com.gmail.test.cadastro.TestFluxoDeCadastro"/>
  <testcase name="loginValido" time="0.001" classname="br.com.gmail.test.cadastro.TestFluxoDeCadastro"/>
  <testcase name="loginInvalido" time="0.005" classname="br.com.gmail.test.cadastro.TestFluxoDeCadastro"/>
  <testcase name="loginSemSenha" time="0.002" classname="br.com.gmail.test.cadastro.TestFluxoDeCadastro"/>
  <testcase name="loginSemUsuario" time="0.003" classname="br.com.gmail.test.cadastro.TestFluxoDeCadastro"/>
</testsuite> <!-- br.com.gmail.test.cadastro.TestFluxoDeCadastro -->
