<?xml version="1.0" encoding="UTF-8"?>
<!-- Generated by org.testng.reporters.JUnitReportReporter -->
<testsuite hostname="MacBook-Pro-de-Demis.local" name="br.com.gmail.test.cadastro.TestFluxoDeCadastro" tests="11" failures="0" timestamp="16 Jul 2016 00:58:52 GMT" time="0.046" errors="0">
  <testcase name="cadastroValido" time="0.001" classname="br.com.gmail.test.cadastro.TestFluxoDeCadastro"/>
  <testcase name="cadastroSemTelefone" time="0.002" classname="br.com.gmail.test.cadastro.TestFluxoDeCadastro"/>
  <testcase name="cadastroSemEmailAtual" time="0.002" classname="br.com.gmail.test.cadastro.TestFluxoDeCadastro"/>
  <testcase name="cadsatroSemPassword" time="0.002" classname="br.com.gmail.test.cadastro.TestFluxoDeCadastro"/>
  <testcase name="cadastroSemGenero" time="0.001" classname="br.com.gmail.test.cadastro.TestFluxoDeCadastro"/>
  <testcase name="cadastroSemUserName" time="0.002" classname="br.com.gmail.test.cadastro.TestFluxoDeCadastro"/>
  <testcase name="cadastroSemConfirmacaoDePassword" time="0.002" classname="br.com.gmail.test.cadastro.TestFluxoDeCadastro"/>
  <testcase name="cadastroSemMesDeNascimeto" time="0.002" classname="br.com.gmail.test.cadastro.TestFluxoDeCadastro"/>
  <testcase name="cadastroSemPrimeiroNova" time="0.001" classname="br.com.gmail.test.cadastro.TestFluxoDeCadastro"/>
  <testcase name="cadastroSemDiaDeNascimeto" time="0.002" classname="br.com.gmail.test.cadastro.TestFluxoDeCadastro"/>
  <testcase name="cadastroSemAnoDeNascimeto" time="0.029" classname="br.com.gmail.test.cadastro.TestFluxoDeCadastro"/>
</testsuite> <!-- br.com.gmail.test.cadastro.TestFluxoDeCadastro -->
